dis=0, v=0, a_actual=200, time_point=0
dis=3.90625e-07, v=0.0125, a_actual=200, time_point=6.25e-05
dis=1.5625e-06, v=0.025, a_actual=200, time_point=0.000125
dis=3.51562e-06, v=0.0375, a_actual=200, time_point=0.0001875
dis=6.25e-06, v=0.05, a_actual=200, time_point=0.00025
dis=9.76563e-06, v=0.0625, a_actual=200, time_point=0.0003125
dis=1.40625e-05, v=0.075, a_actual=200, time_point=0.000375
dis=1.91406e-05, v=0.0875, a_actual=200, time_point=0.0004375
dis=2.5e-05, v=0.1, a_actual=200, time_point=0.0005
dis=3.16406e-05, v=0.1125, a_actual=200, time_point=0.0005625
dis=3.90625e-05, v=0.125, a_actual=200, time_point=0.000625
dis=4.72656e-05, v=0.1375, a_actual=200, time_point=0.0006875
dis=5.625e-05, v=0.15, a_actual=200, time_point=0.00075
dis=6.60156e-05, v=0.1625, a_actual=200, time_point=0.0008125
dis=7.65625e-05, v=0.175, a_actual=200, time_point=0.000875
dis=8.78906e-05, v=0.1875, a_actual=200, time_point=0.0009375
dis=0.0001, v=0.2, a_actual=200, time_point=0.001
dis=0.000112891, v=0.2125, a_actual=200, time_point=0.0010625
dis=0.000126563, v=0.225, a_actual=200, time_point=0.001125
dis=0.000141016, v=0.2375, a_actual=200, time_point=0.0011875
dis=0.00015625, v=0.25, a_actual=200, time_point=0.00125
dis=0.000172266, v=0.2625, a_actual=200, time_point=0.0013125
dis=0.000189063, v=0.275, a_actual=200, time_point=0.001375
dis=0.000206641, v=0.2875, a_actual=200, time_point=0.0014375
dis=0.000225, v=0.3, a_actual=200, time_point=0.0015
dis=0.000244141, v=0.3125, a_actual=200, time_point=0.0015625
dis=0.000264063, v=0.325, a_actual=200, time_point=0.001625
dis=0.000284766, v=0.3375, a_actual=200, time_point=0.0016875
dis=0.00030625, v=0.35, a_actual=200, time_point=0.00175
dis=0.000328516, v=0.3625, a_actual=200, time_point=0.0018125
dis=0.000351563, v=0.375, a_actual=200, time_point=0.001875
dis=0.000375391, v=0.3875, a_actual=200, time_point=0.0019375
dis=0.0004, v=0.4, a_actual=200, time_point=0.002
dis=0.000425391, v=0.4125, a_actual=200, time_point=0.0020625
dis=0.000451563, v=0.425, a_actual=200, time_point=0.002125
dis=0.000478516, v=0.4375, a_actual=200, time_point=0.0021875
dis=0.00050625, v=0.45, a_actual=200, time_point=0.00225
dis=0.000534766, v=0.4625, a_actual=200, time_point=0.0023125
dis=0.000564063, v=0.475, a_actual=200, time_point=0.002375
dis=0.000594141, v=0.4875, a_actual=200, time_point=0.0024375
dis=0.000625, v=0.5, a_actual=200, time_point=0.0025
dis=0.000656641, v=0.5125, a_actual=200, time_point=0.0025625
dis=0.000689063, v=0.525, a_actual=200, time_point=0.002625
dis=0.000722266, v=0.5375, a_actual=200, time_point=0.0026875
dis=0.00075625, v=0.55, a_actual=200, time_point=0.00275
dis=0.000791016, v=0.5625, a_actual=200, time_point=0.0028125
dis=0.000826563, v=0.575, a_actual=200, time_point=0.002875
dis=0.000862891, v=0.5875, a_actual=200, time_point=0.0029375
dis=0.0009, v=0.6, a_actual=200, time_point=0.003
dis=0.000937891, v=0.6125, a_actual=200, time_point=0.0030625
dis=0.000976563, v=0.625, a_actual=200, time_point=0.003125
dis=0.00101602, v=0.6375, a_actual=200, time_point=0.0031875
dis=0.00105625, v=0.65, a_actual=200, time_point=0.00325
dis=0.00109727, v=0.6625, a_actual=200, time_point=0.0033125
dis=0.00113906, v=0.675, a_actual=200, time_point=0.003375
dis=0.00118164, v=0.6875, a_actual=200, time_point=0.0034375
dis=0.001225, v=0.7, a_actual=200, time_point=0.0035
dis=0.00126914, v=0.7125, a_actual=200, time_point=0.0035625
dis=0.00131406, v=0.725, a_actual=200, time_point=0.003625
dis=0.00135977, v=0.7375, a_actual=200, time_point=0.0036875
dis=0.00140625, v=0.75, a_actual=200, time_point=0.00375
dis=0.00145352, v=0.7625, a_actual=200, time_point=0.0038125
dis=0.00150156, v=0.775, a_actual=200, time_point=0.003875
dis=0.00155039, v=0.7875, a_actual=200, time_point=0.0039375
dis=0.0016, v=0.8, a_actual=200, time_point=0.004
dis=0.00165039, v=0.8125, a_actual=200, time_point=0.0040625
dis=0.00170156, v=0.825, a_actual=200, time_point=0.004125
dis=0.00175352, v=0.8375, a_actual=200, time_point=0.0041875
dis=0.00180625, v=0.85, a_actual=200, time_point=0.00425
dis=0.00185977, v=0.8625, a_actual=200, time_point=0.0043125
dis=0.00191406, v=0.875, a_actual=200, time_point=0.004375
dis=0.00196914, v=0.8875, a_actual=200, time_point=0.0044375
dis=0.002025, v=0.9, a_actual=200, time_point=0.0045
dis=0.00208164, v=0.9125, a_actual=200, time_point=0.0045625
dis=0.00213906, v=0.925, a_actual=200, time_point=0.004625
dis=0.00219727, v=0.9375, a_actual=200, time_point=0.0046875
dis=0.00225625, v=0.95, a_actual=200, time_point=0.00475
dis=0.00231602, v=0.9625, a_actual=200, time_point=0.0048125
dis=0.00237656, v=0.975, a_actual=200, time_point=0.004875
dis=0.00243789, v=0.9875, a_actual=200, time_point=0.0049375
dis=0.0025, v=1, a_actual=200, time_point=0.005
dis=0.00256289, v=1.0125, a_actual=200, time_point=0.0050625
dis=0.00262656, v=1.025, a_actual=200, time_point=0.005125
dis=0.00269102, v=1.0375, a_actual=200, time_point=0.0051875
dis=0.00275625, v=1.05, a_actual=200, time_point=0.00525
dis=0.00282227, v=1.0625, a_actual=200, time_point=0.0053125
dis=0.00288906, v=1.075, a_actual=200, time_point=0.005375
dis=0.00295664, v=1.0875, a_actual=200, time_point=0.0054375
dis=0.003025, v=1.1, a_actual=200, time_point=0.0055
dis=0.00309414, v=1.1125, a_actual=200, time_point=0.0055625
dis=0.00316406, v=1.125, a_actual=200, time_point=0.005625
dis=0.00323477, v=1.1375, a_actual=200, time_point=0.0056875
dis=0.00330625, v=1.15, a_actual=200, time_point=0.00575
dis=0.00337852, v=1.1625, a_actual=200, time_point=0.0058125
dis=0.00345156, v=1.175, a_actual=200, time_point=0.005875
dis=0.00352539, v=1.1875, a_actual=200, time_point=0.0059375
dis=0.0036, v=1.2, a_actual=200, time_point=0.006
dis=0.00367539, v=1.2125, a_actual=200, time_point=0.0060625
dis=0.00375156, v=1.225, a_actual=200, time_point=0.006125
dis=0.00382852, v=1.2375, a_actual=200, time_point=0.0061875
dis=0.00390625, v=1.25, a_actual=200, time_point=0.00625
dis=0.00398477, v=1.2625, a_actual=200, time_point=0.0063125
dis=0.00406406, v=1.275, a_actual=200, time_point=0.006375
dis=0.00414414, v=1.2875, a_actual=200, time_point=0.0064375
dis=0.004225, v=1.3, a_actual=200, time_point=0.0065
dis=0.00430664, v=1.3125, a_actual=200, time_point=0.0065625
dis=0.00438906, v=1.325, a_actual=200, time_point=0.006625
dis=0.00447227, v=1.3375, a_actual=200, time_point=0.0066875
dis=0.00455625, v=1.35, a_actual=200, time_point=0.00675
dis=0.00464102, v=1.3625, a_actual=200, time_point=0.0068125
dis=0.00472656, v=1.375, a_actual=200, time_point=0.006875
dis=0.00481289, v=1.3875, a_actual=200, time_point=0.0069375
dis=0.0049, v=1.4, a_actual=200, time_point=0.007
dis=0.00498789, v=1.4125, a_actual=200, time_point=0.0070625
dis=0.00507656, v=1.425, a_actual=200, time_point=0.007125
dis=0.00516602, v=1.4375, a_actual=200, time_point=0.0071875
dis=0.00525625, v=1.45, a_actual=200, time_point=0.00725
dis=0.00534727, v=1.4625, a_actual=200, time_point=0.0073125
dis=0.00543906, v=1.475, a_actual=200, time_point=0.007375
dis=0.00553164, v=1.4875, a_actual=200, time_point=0.0074375
dis=0.0060625, v=1.5, a_actual=0, time_point=0.00779167
dis=0.00659375, v=1.5, a_actual=0, time_point=0.00814583
dis=0.007125, v=1.5, a_actual=0, time_point=0.0085
dis=0.00765625, v=1.5, a_actual=0, time_point=0.00885417
dis=0.0081875, v=1.5, a_actual=0, time_point=0.00920833
dis=0.00871875, v=1.5, a_actual=0, time_point=0.0095625
dis=0.00925, v=1.5, a_actual=0, time_point=0.00991667
dis=0.00978125, v=1.5, a_actual=0, time_point=0.0102708
dis=0.0103125, v=1.5, a_actual=0, time_point=0.010625
dis=0.0108438, v=1.5, a_actual=0, time_point=0.0109792
dis=0.011375, v=1.5, a_actual=0, time_point=0.0113333
dis=0.0119063, v=1.5, a_actual=0, time_point=0.0116875
dis=0.0124375, v=1.5, a_actual=0, time_point=0.0120417
dis=0.0129688, v=1.5, a_actual=0, time_point=0.0123958
dis=0.0135, v=1.5, a_actual=0, time_point=0.01275
dis=0.0140313, v=1.5, a_actual=0, time_point=0.0131042
dis=0.0145625, v=1.5, a_actual=0, time_point=0.0134583
dis=0.0150938, v=1.5, a_actual=0, time_point=0.0138125
dis=0.015625, v=1.5, a_actual=0, time_point=0.0141667
dis=0.0161563, v=1.5, a_actual=0, time_point=0.0145208
dis=0.0166875, v=1.5, a_actual=0, time_point=0.014875
dis=0.0172188, v=1.5, a_actual=0, time_point=0.0152292
dis=0.01775, v=1.5, a_actual=0, time_point=0.0155833
dis=0.0182813, v=1.5, a_actual=0, time_point=0.0159375
dis=0.0188125, v=1.5, a_actual=0, time_point=0.0162917
dis=0.0193438, v=1.5, a_actual=0, time_point=0.0166458
dis=0.019875, v=1.5, a_actual=0, time_point=0.017
dis=0.0204063, v=1.5, a_actual=0, time_point=0.0173542
dis=0.0209375, v=1.5, a_actual=0, time_point=0.0177083
dis=0.0214688, v=1.5, a_actual=0, time_point=0.0180625
dis=0.022, v=1.5, a_actual=0, time_point=0.0184167
dis=0.0225313, v=1.5, a_actual=0, time_point=0.0187708
dis=0.0230625, v=1.5, a_actual=0, time_point=0.019125
dis=0.0235938, v=1.5, a_actual=0, time_point=0.0194792
dis=0.024125, v=1.5, a_actual=0, time_point=0.0198333
dis=0.0246563, v=1.5, a_actual=0, time_point=0.0201875
dis=0.0251875, v=1.5, a_actual=0, time_point=0.0205417
dis=0.0257188, v=1.5, a_actual=0, time_point=0.0208958
dis=0.02625, v=1.5, a_actual=0, time_point=0.02125
dis=0.0267813, v=1.5, a_actual=0, time_point=0.0216042
dis=0.0273125, v=1.5, a_actual=0, time_point=0.0219583
dis=0.0278438, v=1.5, a_actual=0, time_point=0.0223125
dis=0.028375, v=1.5, a_actual=0, time_point=0.0226667
dis=0.0289063, v=1.5, a_actual=0, time_point=0.0230208
dis=0.0294375, v=1.5, a_actual=0, time_point=0.023375
dis=0.0299688, v=1.5, a_actual=0, time_point=0.0237292
dis=0.0305, v=1.5, a_actual=0, time_point=0.0240833
dis=0.0310313, v=1.5, a_actual=0, time_point=0.0244375
dis=0.0315625, v=1.5, a_actual=0, time_point=0.0247917
dis=0.0320938, v=1.5, a_actual=0, time_point=0.0251458
dis=0.032625, v=1.5, a_actual=0, time_point=0.0255
dis=0.0331562, v=1.5, a_actual=0, time_point=0.0258542
dis=0.0336875, v=1.5, a_actual=0, time_point=0.0262083
dis=0.0342187, v=1.5, a_actual=0, time_point=0.0265625
dis=0.03475, v=1.5, a_actual=0, time_point=0.0269167
dis=0.0352813, v=1.5, a_actual=0, time_point=0.0272708
dis=0.0358125, v=1.5, a_actual=0, time_point=0.027625
dis=0.0363437, v=1.5, a_actual=0, time_point=0.0279792
dis=0.036875, v=1.5, a_actual=0, time_point=0.0283333
dis=0.0374062, v=1.5, a_actual=0, time_point=0.0286875
dis=0.0379375, v=1.5, a_actual=0, time_point=0.0290417
dis=0.0384687, v=1.5, a_actual=0, time_point=0.0293958
dis=0.039, v=1.5, a_actual=0, time_point=0.02975
dis=0.0395312, v=1.5, a_actual=0, time_point=0.0301042
dis=0.0400625, v=1.5, a_actual=0, time_point=0.0304583
dis=0.0405937, v=1.5, a_actual=0, time_point=0.0308125
dis=0.041125, v=1.5, a_actual=0, time_point=0.0311667
dis=0.0416562, v=1.5, a_actual=0, time_point=0.0315208
dis=0.0421875, v=1.5, a_actual=0, time_point=0.031875
dis=0.0427187, v=1.5, a_actual=0, time_point=0.0322292
dis=0.04325, v=1.5, a_actual=0, time_point=0.0325833
dis=0.0437813, v=1.5, a_actual=0, time_point=0.0329375
dis=0.0443125, v=1.5, a_actual=0, time_point=0.0332917
dis=0.0448438, v=1.5, a_actual=0, time_point=0.0336458
dis=0.045375, v=1.5, a_actual=0, time_point=0.034
dis=0.0459063, v=1.5, a_actual=0, time_point=0.0343542
dis=0.0464375, v=1.5, a_actual=0, time_point=0.0347083
dis=0.0469688, v=1.5, a_actual=0, time_point=0.0350625
dis=0.0475, v=1.5, a_actual=0, time_point=0.0354167
dis=0.0480313, v=1.5, a_actual=0, time_point=0.0357708
dis=0.0485625, v=1.5, a_actual=0, time_point=0.036125
dis=0.0490938, v=1.5, a_actual=0, time_point=0.0364792
dis=0.049625, v=1.5, a_actual=0, time_point=0.0368333
dis=0.0501563, v=1.5, a_actual=0, time_point=0.0371875
dis=0.0506875, v=1.5, a_actual=0, time_point=0.0375417
dis=0.0512188, v=1.5, a_actual=0, time_point=0.0378958
dis=0.05175, v=1.5, a_actual=0, time_point=0.03825
dis=0.0522813, v=1.5, a_actual=0, time_point=0.0386042
dis=0.0528125, v=1.5, a_actual=0, time_point=0.0389583
dis=0.0533438, v=1.5, a_actual=0, time_point=0.0393125
dis=0.053875, v=1.5, a_actual=0, time_point=0.0396667
dis=0.0544063, v=1.5, a_actual=0, time_point=0.0400208
dis=0.0549375, v=1.5, a_actual=0, time_point=0.040375
dis=0.0554688, v=1.5, a_actual=0, time_point=0.0407292
dis=0.056, v=1.5, a_actual=0, time_point=0.0410833
dis=0.0565313, v=1.5, a_actual=0, time_point=0.0414375
dis=0.0570625, v=1.5, a_actual=0, time_point=0.0417917
dis=0.0575938, v=1.5, a_actual=0, time_point=0.0421458
dis=0.058125, v=1.5, a_actual=0, time_point=0.0425
dis=0.0586563, v=1.5, a_actual=0, time_point=0.0428542
dis=0.0591875, v=1.5, a_actual=0, time_point=0.0432083
dis=0.0597188, v=1.5, a_actual=0, time_point=0.0435625
dis=0.06025, v=1.5, a_actual=0, time_point=0.0439167
dis=0.0607813, v=1.5, a_actual=0, time_point=0.0442708
dis=0.0613125, v=1.5, a_actual=0, time_point=0.044625
dis=0.0618438, v=1.5, a_actual=0, time_point=0.0449792
dis=0.062375, v=1.5, a_actual=0, time_point=0.0453333
dis=0.0629063, v=1.5, a_actual=0, time_point=0.0456875
dis=0.0634375, v=1.5, a_actual=0, time_point=0.0460417
dis=0.0639688, v=1.5, a_actual=0, time_point=0.0463958
dis=0.0645, v=1.5, a_actual=0, time_point=0.04675
dis=0.0650313, v=1.5, a_actual=0, time_point=0.0471042
dis=0.0655625, v=1.5, a_actual=0, time_point=0.0474583
dis=0.0660938, v=1.5, a_actual=0, time_point=0.0478125
dis=0.066625, v=1.5, a_actual=0, time_point=0.0481667
dis=0.0671563, v=1.5, a_actual=0, time_point=0.0485208
dis=0.0676875, v=1.5, a_actual=0, time_point=0.048875
dis=0.0682188, v=1.5, a_actual=0, time_point=0.0492292
dis=0.06875, v=1.5, a_actual=0, time_point=0.0495833
dis=0.0692813, v=1.5, a_actual=0, time_point=0.0499375
dis=0.069375, v=1.5, a_actual=-200, time_point=0.05
dis=0.0694684, v=1.4875, a_actual=-200, time_point=0.0500625
dis=0.0695609, v=1.475, a_actual=-200, time_point=0.050125
dis=0.0696527, v=1.4625, a_actual=-200, time_point=0.0501875
dis=0.0697438, v=1.45, a_actual=-200, time_point=0.05025
dis=0.069834, v=1.4375, a_actual=-200, time_point=0.0503125
dis=0.0699234, v=1.425, a_actual=-200, time_point=0.050375
dis=0.0700121, v=1.4125, a_actual=-200, time_point=0.0504375
dis=0.0701, v=1.4, a_actual=-200, time_point=0.0505
dis=0.0701871, v=1.3875, a_actual=-200, time_point=0.0505625
dis=0.0702734, v=1.375, a_actual=-200, time_point=0.050625
dis=0.070359, v=1.3625, a_actual=-200, time_point=0.0506875
dis=0.0704438, v=1.35, a_actual=-200, time_point=0.05075
dis=0.0705277, v=1.3375, a_actual=-200, time_point=0.0508125
dis=0.0706109, v=1.325, a_actual=-200, time_point=0.050875
dis=0.0706934, v=1.3125, a_actual=-200, time_point=0.0509375
dis=0.070775, v=1.3, a_actual=-200, time_point=0.051
dis=0.0708559, v=1.2875, a_actual=-200, time_point=0.0510625
dis=0.0709359, v=1.275, a_actual=-200, time_point=0.051125
dis=0.0710152, v=1.2625, a_actual=-200, time_point=0.0511875
dis=0.0710938, v=1.25, a_actual=-200, time_point=0.05125
dis=0.0711715, v=1.2375, a_actual=-200, time_point=0.0513125
dis=0.0712484, v=1.225, a_actual=-200, time_point=0.051375
dis=0.0713246, v=1.2125, a_actual=-200, time_point=0.0514375
dis=0.0714, v=1.2, a_actual=-200, time_point=0.0515
dis=0.0714746, v=1.1875, a_actual=-200, time_point=0.0515625
dis=0.0715484, v=1.175, a_actual=-200, time_point=0.051625
dis=0.0716215, v=1.1625, a_actual=-200, time_point=0.0516875
dis=0.0716938, v=1.15, a_actual=-200, time_point=0.05175
dis=0.0717652, v=1.1375, a_actual=-200, time_point=0.0518125
dis=0.0718359, v=1.125, a_actual=-200, time_point=0.051875
dis=0.0719059, v=1.1125, a_actual=-200, time_point=0.0519375
dis=0.071975, v=1.1, a_actual=-200, time_point=0.052
dis=0.0720434, v=1.0875, a_actual=-200, time_point=0.0520625
dis=0.0721109, v=1.075, a_actual=-200, time_point=0.052125
dis=0.0721777, v=1.0625, a_actual=-200, time_point=0.0521875
dis=0.0722438, v=1.05, a_actual=-200, time_point=0.05225
dis=0.072309, v=1.0375, a_actual=-200, time_point=0.0523125
dis=0.0723734, v=1.025, a_actual=-200, time_point=0.052375
dis=0.0724371, v=1.0125, a_actual=-200, time_point=0.0524375
dis=0.0725, v=1, a_actual=-200, time_point=0.0525
dis=0.0725621, v=0.9875, a_actual=-200, time_point=0.0525625
dis=0.0726234, v=0.975, a_actual=-200, time_point=0.052625
dis=0.072684, v=0.9625, a_actual=-200, time_point=0.0526875
dis=0.0727438, v=0.95, a_actual=-200, time_point=0.05275
dis=0.0728027, v=0.9375, a_actual=-200, time_point=0.0528125
dis=0.0728609, v=0.925, a_actual=-200, time_point=0.052875
dis=0.0729184, v=0.9125, a_actual=-200, time_point=0.0529375
dis=0.072975, v=0.9, a_actual=-200, time_point=0.053
dis=0.0730309, v=0.8875, a_actual=-200, time_point=0.0530625
dis=0.0730859, v=0.875, a_actual=-200, time_point=0.053125
dis=0.0731402, v=0.8625, a_actual=-200, time_point=0.0531875
dis=0.0731938, v=0.85, a_actual=-200, time_point=0.05325
dis=0.0732465, v=0.8375, a_actual=-200, time_point=0.0533125
dis=0.0732984, v=0.825, a_actual=-200, time_point=0.053375
dis=0.0733496, v=0.8125, a_actual=-200, time_point=0.0534375
dis=0.0734, v=0.8, a_actual=-200, time_point=0.0535
dis=0.0734496, v=0.7875, a_actual=-200, time_point=0.0535625
dis=0.0734984, v=0.775, a_actual=-200, time_point=0.053625
dis=0.0735465, v=0.7625, a_actual=-200, time_point=0.0536875
dis=0.0735938, v=0.75, a_actual=-200, time_point=0.05375
dis=0.0736402, v=0.7375, a_actual=-200, time_point=0.0538125
dis=0.0736859, v=0.725, a_actual=-200, time_point=0.053875
dis=0.0737309, v=0.7125, a_actual=-200, time_point=0.0539375
dis=0.073775, v=0.7, a_actual=-200, time_point=0.054
dis=0.0738184, v=0.6875, a_actual=-200, time_point=0.0540625
dis=0.0738609, v=0.675, a_actual=-200, time_point=0.054125
dis=0.0739027, v=0.6625, a_actual=-200, time_point=0.0541875
dis=0.0739438, v=0.65, a_actual=-200, time_point=0.05425
dis=0.073984, v=0.6375, a_actual=-200, time_point=0.0543125
dis=0.0740234, v=0.625, a_actual=-200, time_point=0.054375
dis=0.0740621, v=0.6125, a_actual=-200, time_point=0.0544375
dis=0.0741, v=0.6, a_actual=-200, time_point=0.0545
dis=0.0741371, v=0.5875, a_actual=-200, time_point=0.0545625
dis=0.0741734, v=0.575, a_actual=-200, time_point=0.054625
dis=0.074209, v=0.5625, a_actual=-200, time_point=0.0546875
dis=0.0742438, v=0.55, a_actual=-200, time_point=0.05475
dis=0.0742777, v=0.5375, a_actual=-200, time_point=0.0548125
dis=0.0743109, v=0.525, a_actual=-200, time_point=0.054875
dis=0.0743434, v=0.5125, a_actual=-200, time_point=0.0549375
dis=0.074375, v=0.5, a_actual=-200, time_point=0.055
dis=0.0744059, v=0.4875, a_actual=-200, time_point=0.0550625
dis=0.0744359, v=0.475, a_actual=-200, time_point=0.055125
dis=0.0744652, v=0.4625, a_actual=-200, time_point=0.0551875
dis=0.0744938, v=0.45, a_actual=-200, time_point=0.05525
dis=0.0745215, v=0.4375, a_actual=-200, time_point=0.0553125
dis=0.0745484, v=0.425, a_actual=-200, time_point=0.055375
dis=0.0745746, v=0.4125, a_actual=-200, time_point=0.0554375
dis=0.0746, v=0.4, a_actual=-200, time_point=0.0555
dis=0.0746246, v=0.3875, a_actual=-200, time_point=0.0555625
dis=0.0746484, v=0.375, a_actual=-200, time_point=0.055625
dis=0.0746715, v=0.3625, a_actual=-200, time_point=0.0556875
dis=0.0746938, v=0.35, a_actual=-200, time_point=0.05575
dis=0.0747152, v=0.3375, a_actual=-200, time_point=0.0558125
dis=0.0747359, v=0.325, a_actual=-200, time_point=0.055875
dis=0.0747559, v=0.3125, a_actual=-200, time_point=0.0559375
dis=0.074775, v=0.3, a_actual=-200, time_point=0.056
dis=0.0747934, v=0.2875, a_actual=-200, time_point=0.0560625
dis=0.0748109, v=0.275, a_actual=-200, time_point=0.056125
dis=0.0748277, v=0.2625, a_actual=-200, time_point=0.0561875
dis=0.0748438, v=0.25, a_actual=-200, time_point=0.05625
dis=0.074859, v=0.2375, a_actual=-200, time_point=0.0563125
dis=0.0748734, v=0.225, a_actual=-200, time_point=0.056375
dis=0.0748871, v=0.2125, a_actual=-200, time_point=0.0564375
dis=0.0749, v=0.2, a_actual=-200, time_point=0.0565
dis=0.0749121, v=0.1875, a_actual=-200, time_point=0.0565625
dis=0.0749234, v=0.175, a_actual=-200, time_point=0.056625
dis=0.074934, v=0.1625, a_actual=-200, time_point=0.0566875
dis=0.0749438, v=0.15, a_actual=-200, time_point=0.05675
dis=0.0749527, v=0.1375, a_actual=-200, time_point=0.0568125
dis=0.0749609, v=0.125, a_actual=-200, time_point=0.056875
dis=0.0749684, v=0.1125, a_actual=-200, time_point=0.0569375
dis=0.074975, v=0.1, a_actual=-200, time_point=0.057
dis=0.0749809, v=0.0875, a_actual=-200, time_point=0.0570625
dis=0.0749859, v=0.075, a_actual=-200, time_point=0.057125
dis=0.0749902, v=0.0625, a_actual=-200, time_point=0.0571875
dis=0.0749937, v=0.05, a_actual=-200, time_point=0.05725
dis=0.0749965, v=0.0375, a_actual=-200, time_point=0.0573125
dis=0.0749984, v=0.025, a_actual=-200, time_point=0.057375
dis=0.0749996, v=0.0125, a_actual=-200, time_point=0.0574375
x=0, y=0, z=-0.375
x=2.60417e-07, y=2.60417e-07, z=-0.75
x=1.30208e-06, y=1.30208e-06, z=-1.125
x=3.64583e-06, y=3.64583e-06, z=-1.5
x=7.8125e-06, y=7.8125e-06, z=-1.875
x=1.43229e-05, y=1.43229e-05, z=-2.25001
x=2.36979e-05, y=2.36979e-05, z=-2.62501
x=3.64583e-05, y=3.64583e-05, z=-3.00002
x=5.3125e-05, y=5.3125e-05, z=-3.37503
x=7.42188e-05, y=7.42188e-05, z=-3.75004
x=0.00010026, y=0.00010026, z=-4.12505
x=0.000131771, y=0.000131771, z=-4.50007
x=0.000169271, y=0.000169271, z=-4.87508
x=0.000213281, y=0.000213281, z=-5.25011
x=0.000264323, y=0.000264323, z=-5.62513
x=0.000322917, y=0.000322917, z=-6.00016
x=0.000389583, y=0.000389583, z=-6.37519
x=0.000464844, y=0.000464844, z=-6.75023
x=0.000549219, y=0.000549219, z=-7.12527
x=0.000643229, y=0.000643229, z=-7.50032
x=0.000747396, y=0.000747396, z=-7.87537
x=0.00086224, y=0.00086224, z=-8.25043
x=0.000988281, y=0.000988281, z=-8.62549
x=0.00112604, y=0.00112604, z=-9.00056
x=0.00127604, y=0.00127604, z=-9.37564
x=0.0014388, y=0.0014388, z=-9.75072
x=0.00161484, y=0.00161484, z=-10.1258
x=0.00180469, y=0.00180469, z=-10.5009
x=0.00200885, y=0.00200885, z=-10.876
x=0.00222786, y=0.00222786, z=-11.2511
x=0.00246224, y=0.00246224, z=-11.6262
x=0.0027125, y=0.0027125, z=-12.0014
x=0.00297917, y=0.00297917, z=-12.3765
x=0.00326276, y=0.00326276, z=-12.7516
x=0.0035638, y=0.0035638, z=-13.1268
x=0.00388281, y=0.00388281, z=-13.5019
x=0.00422031, y=0.00422031, z=-13.8771
x=0.00457682, y=0.00457682, z=-14.2523
x=0.00495286, y=0.00495286, z=-14.6275
x=0.00534896, y=0.00534896, z=-15.0027
x=0.00576563, y=0.00576563, z=-15.3779
x=0.00620339, y=0.00620339, z=-15.7531
x=0.00666276, y=0.00666276, z=-16.1283
x=0.00714427, y=0.00714427, z=-16.5036
x=0.00764844, y=0.00764844, z=-16.8788
x=0.00817578, y=0.00817578, z=-17.2541
x=0.00872682, y=0.00872682, z=-17.6294
x=0.00930208, y=0.00930208, z=-18.0047
x=0.00990208, y=0.00990208, z=-18.38
x=0.0105273, y=0.0105273, z=-18.7553
x=0.0111784, y=0.0111784, z=-19.1306
x=0.0118557, y=0.0118557, z=-19.5059
x=0.0125599, y=0.0125599, z=-19.8813
x=0.0132914, y=0.0132914, z=-20.2566
x=0.0140508, y=0.0140508, z=-20.632
x=0.0148385, y=0.0148385, z=-21.0074
x=0.0156552, y=0.0156552, z=-21.3828
x=0.0165013, y=0.0165013, z=-21.7583
x=0.0173773, y=0.0173773, z=-22.1337
x=0.0182839, y=0.0182839, z=-22.5091
x=0.0192214, y=0.0192214, z=-22.8846
x=0.0201904, y=0.0201904, z=-23.2601
x=0.0211914, y=0.0211914, z=-23.6356
x=0.022225, y=0.022225, z=-24.0111
x=0.0232917, y=0.0232917, z=-24.3866
x=0.0243919, y=0.0243919, z=-24.7622
x=0.0255263, y=0.0255263, z=-25.1378
x=0.0266953, y=0.0266953, z=-25.5133
x=0.0278995, y=0.0278995, z=-25.8889
x=0.0291393, y=0.0291393, z=-26.2646
x=0.0304154, y=0.0304154, z=-26.6402
x=0.0317281, y=0.0317281, z=-27.0159
x=0.0330781, y=0.0330781, z=-27.3915
x=0.0344659, y=0.0344659, z=-27.7672
x=0.0358919, y=0.0358919, z=-28.1429
x=0.0373568, y=0.0373568, z=-28.5187
x=0.0388609, y=0.0388609, z=-28.8944
x=0.0404049, y=0.0404049, z=-29.2702
x=0.0419893, y=0.0419893, z=-29.646
x=0.0436146, y=0.0436146, z=-30.0218
x=0.0452813, y=0.0452813, z=-30.3976
x=0.0469898, y=0.0469898, z=-30.7735
x=0.0487409, y=0.0487409, z=-31.1494
x=0.0505349, y=0.0505349, z=-31.5253
x=0.0523724, y=0.0523724, z=-31.9012
x=0.0542539, y=0.0542539, z=-32.2771
x=0.0561799, y=0.0561799, z=-32.6531
x=0.058151, y=0.058151, z=-33.0291
x=0.0601677, y=0.0601677, z=-33.4051
x=0.0622305, y=0.0622305, z=-33.7811
x=0.0643398, y=0.0643398, z=-34.1572
x=0.0664964, y=0.0664964, z=-34.5332
x=0.0687005, y=0.0687005, z=-34.9094
x=0.0709529, y=0.0709529, z=-35.2855
x=0.0732539, y=0.0732539, z=-35.6616
x=0.0756042, y=0.0756042, z=-36.0378
x=0.0780042, y=0.0780042, z=-36.414
x=0.0804544, y=0.0804544, z=-36.7902
x=0.0829555, y=0.0829555, z=-37.1665
x=0.0855078, y=0.0855078, z=-37.5428
x=0.088112, y=0.088112, z=-37.9191
x=0.0907685, y=0.0907685, z=-38.2954
x=0.0934779, y=0.0934779, z=-38.6717
x=0.0962406, y=0.0962406, z=-39.0481
x=0.0990573, y=0.0990573, z=-39.4245
x=0.101928, y=0.101928, z=-39.801
x=0.104854, y=0.104854, z=-40.1774
x=0.107836, y=0.107836, z=-40.5539
x=0.110873, y=0.110873, z=-40.9304
x=0.113967, y=0.113967, z=-41.307
x=0.117118, y=0.117118, z=-41.6836
x=0.120327, y=0.120327, z=-42.0602
x=0.123594, y=0.123594, z=-42.4368
x=0.126919, y=0.126919, z=-42.8135
x=0.130303, y=0.130303, z=-43.1902
x=0.133747, y=0.133747, z=-43.5669
x=0.137252, y=0.137252, z=-43.9436
x=0.140816, y=0.140816, z=-44.3204
x=0.144442, y=0.144442, z=-44.6972
x=0.14813, y=0.14813, z=-45.0741
x=0.152172, y=0.152172, z=-45.4511
x=0.156568, y=0.156568, z=-45.8283
x=0.161318, y=0.161318, z=-46.2057
x=0.166422, y=0.166422, z=-46.5832
x=0.17188, y=0.17188, z=-46.9609
x=0.177693, y=0.177693, z=-47.3388
x=0.183859, y=0.183859, z=-47.7169
x=0.19038, y=0.19038, z=-48.0952
x=0.197255, y=0.197255, z=-48.4736
x=0.204484, y=0.204484, z=-48.8522
x=0.212068, y=0.212068, z=-49.231
x=0.220005, y=0.220005, z=-49.61
x=0.228297, y=0.228297, z=-49.9891
x=0.236943, y=0.236943, z=-50.3685
x=0.245943, y=0.245943, z=-50.748
x=0.255297, y=0.255297, z=-51.1276
x=0.265005, y=0.265005, z=-51.5075
x=0.275068, y=0.275068, z=-51.8875
x=0.285484, y=0.285484, z=-52.2677
x=0.296255, y=0.296255, z=-52.6481
x=0.30738, y=0.30738, z=-53.0287
x=0.318859, y=0.318859, z=-53.4094
x=0.330693, y=0.330693, z=-53.7903
x=0.34288, y=0.34288, z=-54.1714
x=0.355422, y=0.355422, z=-54.5527
x=0.368318, y=0.368318, z=-54.9342
x=0.381568, y=0.381568, z=-55.3158
x=0.395172, y=0.395172, z=-55.6976
x=0.40913, y=0.40913, z=-56.0796
x=0.423443, y=0.423443, z=-56.4617
x=0.438109, y=0.438109, z=-56.8441
x=0.45313, y=0.45313, z=-57.2266
x=0.468505, y=0.468505, z=-57.6093
x=0.484234, y=0.484234, z=-57.9921
x=0.500318, y=0.500318, z=-58.3752
x=0.516755, y=0.516755, z=-58.7584
x=0.533547, y=0.533547, z=-59.1418
x=0.550693, y=0.550693, z=-59.5253
x=0.568193, y=0.568193, z=-59.9091
x=0.586047, y=0.586047, z=-60.293
x=0.604255, y=0.604255, z=-60.6771
x=0.622818, y=0.622818, z=-61.0614
x=0.641734, y=0.641734, z=-61.4459
x=0.661005, y=0.661005, z=-61.8305
x=0.68063, y=0.68063, z=-62.2153
x=0.700609, y=0.700609, z=-62.6003
x=0.720943, y=0.720943, z=-62.9855
x=0.74163, y=0.74163, z=-63.3708
x=0.762672, y=0.762672, z=-63.7563
x=0.784068, y=0.784068, z=-64.142
x=0.805818, y=0.805818, z=-64.5279
x=0.827922, y=0.827922, z=-64.914
x=0.85038, y=0.85038, z=-65.3002
x=0.873193, y=0.873193, z=-65.6866
x=0.896359, y=0.896359, z=-66.0732
x=0.91988, y=0.91988, z=-66.4599
x=0.943755, y=0.943755, z=-66.8469
x=0.967984, y=0.967984, z=-67.234
x=0.992568, y=0.992568, z=-67.6213
x=1.01751, y=1.01751, z=-68.0088
x=1.0428, y=1.0428, z=-68.3964
x=1.06844, y=1.06844, z=-68.7842
x=1.09444, y=1.09444, z=-69.1722
x=1.1208, y=1.1208, z=-69.5604
x=1.14751, y=1.14751, z=-69.9488
x=1.17457, y=1.17457, z=-70.3373
x=1.20198, y=1.20198, z=-70.726
x=1.22976, y=1.22976, z=-71.1149
x=1.25788, y=1.25788, z=-71.5039
x=1.28636, y=1.28636, z=-71.8932
x=1.31519, y=1.31519, z=-72.2826
x=1.34438, y=1.34438, z=-72.6722
x=1.37392, y=1.37392, z=-73.062
x=1.40382, y=1.40382, z=-73.4519
x=1.43407, y=1.43407, z=-73.842
x=1.46467, y=1.46467, z=-74.2323
x=1.49563, y=1.49563, z=-74.6228
x=1.52694, y=1.52694, z=-75.0135
x=1.55861, y=1.55861, z=-75.4043
x=1.59063, y=1.59063, z=-75.7953
x=1.62301, y=1.62301, z=-76.1865
x=1.65573, y=1.65573, z=-76.5779
x=1.68882, y=1.68882, z=-76.9694
x=1.72226, y=1.72226, z=-77.3611
x=1.75605, y=1.75605, z=-77.753
x=1.79019, y=1.79019, z=-78.1451
x=1.82469, y=1.82469, z=-78.5373
x=1.85955, y=1.85955, z=-78.9298
x=1.89476, y=1.89476, z=-79.3224
x=1.93032, y=1.93032, z=-79.7152
x=1.96623, y=1.96623, z=-80.1081
x=2.00251, y=2.00251, z=-80.5013
x=2.03913, y=2.03913, z=-80.8946
x=2.07611, y=2.07611, z=-81.2881
x=2.11344, y=2.11344, z=-81.6817
x=2.15113, y=2.15113, z=-82.0756
x=2.18917, y=2.18917, z=-82.4696
x=2.22757, y=2.22757, z=-82.8638
x=2.26632, y=2.26632, z=-83.2582
x=2.30542, y=2.30542, z=-83.6527
x=2.34488, y=2.34488, z=-84.0474
x=2.38469, y=2.38469, z=-84.4423
x=2.42486, y=2.42486, z=-84.8374
x=2.46538, y=2.46538, z=-85.2327
x=2.50626, y=2.50626, z=-85.6281
x=2.54748, y=2.54748, z=-86.0237
x=2.58907, y=2.58907, z=-86.4195
x=2.63101, y=2.63101, z=-86.8155
x=2.6733, y=2.6733, z=-87.2116
x=2.71594, y=2.71594, z=-87.608
x=2.75894, y=2.75894, z=-88.0045
x=2.8023, y=2.8023, z=-88.4011
x=2.84601, y=2.84601, z=-88.798
x=2.89007, y=2.89007, z=-89.195
x=2.93448, y=2.93448, z=-89.5922
x=2.97926, y=2.97926, z=-89.9896
x=3.02438, y=3.02438, z=-90.3872
x=3.06986, y=3.06986, z=-90.7849
x=3.11569, y=3.11569, z=-91.1828
x=3.16188, y=3.16188, z=-91.5809
x=3.20813, y=3.20813, z=-91.9791
x=3.25444, y=3.25444, z=-92.3772
x=3.30082, y=3.30082, z=-92.7754
x=3.34725, y=3.34725, z=-93.1736
x=3.39375, y=3.39375, z=-93.5719
x=3.4403, y=3.4403, z=-93.9702
x=3.48692, y=3.48692, z=-94.3685
x=3.53359, y=3.53359, z=-94.7668
x=3.58033, y=3.58033, z=-95.1652
x=3.62712, y=3.62712, z=-95.5636
x=3.67397, y=3.67397, z=-95.962
x=3.72087, y=3.72087, z=-96.3604
x=3.76784, y=3.76784, z=-96.7589
x=3.81485, y=3.81485, z=-97.1574
x=3.86193, y=3.86193, z=-97.556
x=3.90906, y=3.90906, z=-97.9545
x=3.95624, y=3.95624, z=-98.3531
x=4.00348, y=4.00348, z=-98.7517
x=4.05077, y=4.05077, z=-99.1504
x=4.09811, y=4.09811, z=-99.5491
x=4.14551, y=4.14551, z=-99.9478
x=4.19296, y=4.19296, z=-100.346
x=4.24045, y=4.24045, z=-100.745
x=4.288, y=4.288, z=-101.144
x=4.3356, y=4.3356, z=-101.543
x=4.38325, y=4.38325, z=-101.942
x=4.43095, y=4.43095, z=-102.34
x=4.4787, y=4.4787, z=-102.739
x=4.5265, y=4.5265, z=-103.138
x=4.57434, y=4.57434, z=-103.537
x=4.62223, y=4.62223, z=-103.936
x=4.67017, y=4.67017, z=-104.335
x=4.71815, y=4.71815, z=-104.734
x=4.76618, y=4.76618, z=-105.133
x=4.81425, y=4.81425, z=-105.532
x=4.86237, y=4.86237, z=-105.931
x=4.91053, y=4.91053, z=-106.33
x=4.95874, y=4.95874, z=-106.729
x=5.00699, y=5.00699, z=-107.128
x=5.05528, y=5.05528, z=-107.528
x=5.10361, y=5.10361, z=-107.927
x=5.15199, y=5.15199, z=-108.326
x=5.2004, y=5.2004, z=-108.725
x=5.24886, y=5.24886, z=-109.124
x=5.29736, y=5.29736, z=-109.524
x=5.34589, y=5.34589, z=-109.923
x=5.39447, y=5.39447, z=-110.322
x=5.44308, y=5.44308, z=-110.722
x=5.49173, y=5.49173, z=-111.121
x=5.54042, y=5.54042, z=-111.52
x=5.58914, y=5.58914, z=-111.92
x=5.6379, y=5.6379, z=-112.319
x=5.6867, y=5.6867, z=-112.718
x=5.73553, y=5.73553, z=-113.118
x=5.78439, y=5.78439, z=-113.517
x=5.83329, y=5.83329, z=-113.917
x=5.88223, y=5.88223, z=-114.316
x=5.93119, y=5.93119, z=-114.716
x=5.98019, y=5.98019, z=-115.115
x=6.02922, y=6.02922, z=-115.515
x=6.07828, y=6.07828, z=-115.914
x=6.12738, y=6.12738, z=-116.314
x=6.1765, y=6.1765, z=-116.713
x=6.22566, y=6.22566, z=-117.113
x=6.27484, y=6.27484, z=-117.512
x=6.32405, y=6.32405, z=-117.912
x=6.37329, y=6.37329, z=-118.312
x=6.42256, y=6.42256, z=-118.711
x=6.47186, y=6.47186, z=-119.111
x=6.52118, y=6.52118, z=-119.511
x=6.57053, y=6.57053, z=-119.91
x=6.6199, y=6.6199, z=-120.31
x=6.6693, y=6.6693, z=-120.71
x=6.71873, y=6.71873, z=-121.109
x=6.76818, y=6.76818, z=-121.509
x=6.81765, y=6.81765, z=-121.909
x=6.86714, y=6.86714, z=-122.309
x=6.91666, y=6.91666, z=-122.708
x=6.9662, y=6.9662, z=-123.108
x=7.01577, y=7.01577, z=-123.508
x=7.06535, y=7.06535, z=-123.908
x=7.11495, y=7.11495, z=-124.307
x=7.16458, y=7.16458, z=-124.707
x=7.21422, y=7.21422, z=-125.107
x=7.26388, y=7.26388, z=-125.507
x=7.31356, y=7.31356, z=-125.907
x=7.36326, y=7.36326, z=-126.307
x=7.41298, y=7.41298, z=-126.706
x=7.46271, y=7.46271, z=-127.106
x=7.51246, y=7.51246, z=-127.506
x=7.56223, y=7.56223, z=-127.906
x=7.61201, y=7.61201, z=-128.306
x=7.6618, y=7.6618, z=-128.706
x=7.71161, y=7.71161, z=-129.106
x=7.76144, y=7.76144, z=-129.506
x=7.81128, y=7.81128, z=-129.906
x=7.86113, y=7.86113, z=-130.306
x=7.91099, y=7.91099, z=-130.705
x=7.96086, y=7.96086, z=-131.105
x=8.01075, y=8.01075, z=-131.505
x=8.06064, y=8.06064, z=-131.905
x=8.11055, y=8.11055, z=-132.305
x=8.16046, y=8.16046, z=-132.705
x=8.21039, y=8.21039, z=-133.105
x=8.26032, y=8.26032, z=-133.505
x=8.31026, y=8.31026, z=-133.905
x=8.36021, y=8.36021, z=-134.305
x=8.41017, y=8.41017, z=-134.705
x=8.46013, y=8.46013, z=-135.105
x=8.5101, y=8.5101, z=-135.505
x=8.56007, y=8.56007, z=-135.905
x=8.61005, y=8.61005, z=-136.305
x=8.66004, y=8.66004, z=-136.705
x=8.71002, y=8.71002, z=-137.105
x=8.76001, y=8.76001, z=-137.505
x=8.81001, y=8.81001, z=-137.905
x=8.86, y=8.86, z=-138.305
x=8.91, y=8.91, z=-138.705
x=8.96, y=8.96, z=-139.105
x=9.01, y=9.01, z=-139.505
