  dummy.cpp
  main.cpp
LINK : warning LNK4044: unrecognized option '/vmg'; ignored
  Generating code
  326 of 434 functions (75.1%) were compiled, the rest were copied from previous compilation.
    87 functions were new in current compilation
    13 functions had inline decision re-evaluated but remain unchanged
  Finished generating code
systemc.lib(sc_main.obj) : warning LNK4099: PDB 'SystemC.pdb' was not found with 'systemc.lib(sc_main.obj)' or at 'C:\Users\duong.le-thanh\Documents\c_cpp_code\solution\demo\x64\Release\SystemC.pdb'; linking object as if no debug info
systemc.lib(sc_main_main.obj) : warning LNK4099: PDB 'SystemC.pdb' was not found with 'systemc.lib(sc_main_main.obj)' or at 'C:\Users\duong.le-thanh\Documents\c_cpp_code\solution\demo\x64\Release\SystemC.pdb'; linking object as if no debug info
systemc.lib(scfx_utils.obj) : warning LNK4099: PDB 'SystemC-core.pdb' was not found with 'systemc.lib(scfx_utils.obj)' or at 'C:\Users\duong.le-thanh\Documents\c_cpp_code\solution\demo\x64\Release\SystemC-core.pdb'; linking object as if no debug info
systemc.lib(scfx_rep.obj) : warning LNK4099: PDB 'SystemC-core.pdb' was not found with 'systemc.lib(scfx_rep.obj)' or at 'C:\Users\duong.le-thanh\Documents\c_cpp_code\solution\demo\x64\Release\SystemC-core.pdb'; linking object as if no debug info
systemc.lib(scfx_pow10.obj) : warning LNK4099: PDB 'SystemC-core.pdb' was not found with 'systemc.lib(scfx_pow10.obj)' or at 'C:\Users\duong.le-thanh\Documents\c_cpp_code\solution\demo\x64\Release\SystemC-core.pdb'; linking object as if no debug info
systemc.lib(scfx_mant.obj) : warning LNK4099: PDB 'SystemC-core.pdb' was not found with 'systemc.lib(scfx_mant.obj)' or at 'C:\Users\duong.le-thanh\Documents\c_cpp_code\solution\demo\x64\Release\SystemC-core.pdb'; linking object as if no debug info
systemc.lib(sc_wait.obj) : warning LNK4099: PDB 'SystemC-core.pdb' was not found with 'systemc.lib(sc_wait.obj)' or at 'C:\Users\duong.le-thanh\Documents\c_cpp_code\solution\demo\x64\Release\SystemC-core.pdb'; linking object as if no debug info
systemc.lib(sc_ver.obj) : warning LNK4099: PDB 'SystemC-core.pdb' was not found with 'systemc.lib(sc_ver.obj)' or at 'C:\Users\duong.le-thanh\Documents\c_cpp_code\solution\demo\x64\Release\SystemC-core.pdb'; linking object as if no debug info
systemc.lib(sc_value_base.obj) : warning LNK4099: PDB 'SystemC-core.pdb' was not found with 'systemc.lib(sc_value_base.obj)' or at 'C:\Users\duong.le-thanh\Documents\c_cpp_code\solution\demo\x64\Release\SystemC-core.pdb'; linking object as if no debug info
systemc.lib(sc_utils_ids.obj) : warning LNK4099: PDB 'SystemC-core.pdb' was not found with 'systemc.lib(sc_utils_ids.obj)' or at 'C:\Users\duong.le-thanh\Documents\c_cpp_code\solution\demo\x64\Release\SystemC-core.pdb'; linking object as if no debug info
systemc.lib(sc_unsigned.obj) : warning LNK4099: PDB 'SystemC-core.pdb' was not found with 'systemc.lib(sc_unsigned.obj)' or at 'C:\Users\duong.le-thanh\Documents\c_cpp_code\solution\demo\x64\Release\SystemC-core.pdb'; linking object as if no debug info
systemc.lib(sc_uint_base.obj) : warning LNK4099: PDB 'SystemC-core.pdb' was not found with 'systemc.lib(sc_uint_base.obj)' or at 'C:\Users\duong.le-thanh\Documents\c_cpp_code\solution\demo\x64\Release\SystemC-core.pdb'; linking object as if no debug info
systemc.lib(sc_trace.obj) : warning LNK4099: PDB 'SystemC-core.pdb' was not found with 'systemc.lib(sc_trace.obj)' or at 'C:\Users\duong.le-thanh\Documents\c_cpp_code\solution\demo\x64\Release\SystemC-core.pdb'; linking object as if no debug info
systemc.lib(sc_time.obj) : warning LNK4099: PDB 'SystemC-core.pdb' was not found with 'systemc.lib(sc_time.obj)' or at 'C:\Users\duong.le-thanh\Documents\c_cpp_code\solution\demo\x64\Release\SystemC-core.pdb'; linking object as if no debug info
systemc.lib(sc_thread_process.obj) : warning LNK4099: PDB 'SystemC-core.pdb' was not found with 'systemc.lib(sc_thread_process.obj)' or at 'C:\Users\duong.le-thanh\Documents\c_cpp_code\solution\demo\x64\Release\SystemC-core.pdb'; linking object as if no debug info
systemc.lib(sc_stop_here.obj) : warning LNK4099: PDB 'SystemC-core.pdb' was not found with 'systemc.lib(sc_stop_here.obj)' or at 'C:\Users\duong.le-thanh\Documents\c_cpp_code\solution\demo\x64\Release\SystemC-core.pdb'; linking object as if no debug info
systemc.lib(sc_spawn_options.obj) : warning LNK4099: PDB 'SystemC-core.pdb' was not found with 'systemc.lib(sc_spawn_options.obj)' or at 'C:\Users\duong.le-thanh\Documents\c_cpp_code\solution\demo\x64\Release\SystemC-core.pdb'; linking object as if no debug info
systemc.lib(sc_simcontext.obj) : warning LNK4099: PDB 'SystemC-core.pdb' was not found with 'systemc.lib(sc_simcontext.obj)' or at 'C:\Users\duong.le-thanh\Documents\c_cpp_code\solution\demo\x64\Release\SystemC-core.pdb'; linking object as if no debug info
systemc.lib(sc_signed.obj) : warning LNK4099: PDB 'SystemC-core.pdb' was not found with 'systemc.lib(sc_signed.obj)' or at 'C:\Users\duong.le-thanh\Documents\c_cpp_code\solution\demo\x64\Release\SystemC-core.pdb'; linking object as if no debug info
systemc.lib(sc_signal_ports.obj) : warning LNK4099: PDB 'SystemC-core.pdb' was not found with 'systemc.lib(sc_signal_ports.obj)' or at 'C:\Users\duong.le-thanh\Documents\c_cpp_code\solution\demo\x64\Release\SystemC-core.pdb'; linking object as if no debug info
systemc.lib(sc_signal.obj) : warning LNK4099: PDB 'SystemC-core.pdb' was not found with 'systemc.lib(sc_signal.obj)' or at 'C:\Users\duong.le-thanh\Documents\c_cpp_code\solution\demo\x64\Release\SystemC-core.pdb'; linking object as if no debug info
systemc.lib(sc_sensitive.obj) : warning LNK4099: PDB 'SystemC-core.pdb' was not found with 'systemc.lib(sc_sensitive.obj)' or at 'C:\Users\duong.le-thanh\Documents\c_cpp_code\solution\demo\x64\Release\SystemC-core.pdb'; linking object as if no debug info
systemc.lib(sc_reset.obj) : warning LNK4099: PDB 'SystemC-core.pdb' was not found with 'systemc.lib(sc_reset.obj)' or at 'C:\Users\duong.le-thanh\Documents\c_cpp_code\solution\demo\x64\Release\SystemC-core.pdb'; linking object as if no debug info
systemc.lib(sc_report_handler.obj) : warning LNK4099: PDB 'SystemC-core.pdb' was not found with 'systemc.lib(sc_report_handler.obj)' or at 'C:\Users\duong.le-thanh\Documents\c_cpp_code\solution\demo\x64\Release\SystemC-core.pdb'; linking object as if no debug info
systemc.lib(sc_report.obj) : warning LNK4099: PDB 'SystemC-core.pdb' was not found with 'systemc.lib(sc_report.obj)' or at 'C:\Users\duong.le-thanh\Documents\c_cpp_code\solution\demo\x64\Release\SystemC-core.pdb'; linking object as if no debug info
systemc.lib(sc_process.obj) : warning LNK4099: PDB 'SystemC-core.pdb' was not found with 'systemc.lib(sc_process.obj)' or at 'C:\Users\duong.le-thanh\Documents\c_cpp_code\solution\demo\x64\Release\SystemC-core.pdb'; linking object as if no debug info
systemc.lib(sc_prim_channel.obj) : warning LNK4099: PDB 'SystemC-core.pdb' was not found with 'systemc.lib(sc_prim_channel.obj)' or at 'C:\Users\duong.le-thanh\Documents\c_cpp_code\solution\demo\x64\Release\SystemC-core.pdb'; linking object as if no debug info
systemc.lib(sc_pq.obj) : warning LNK4099: PDB 'SystemC-core.pdb' was not found with 'systemc.lib(sc_pq.obj)' or at 'C:\Users\duong.le-thanh\Documents\c_cpp_code\solution\demo\x64\Release\SystemC-core.pdb'; linking object as if no debug info
systemc.lib(sc_port.obj) : warning LNK4099: PDB 'SystemC-core.pdb' was not found with 'systemc.lib(sc_port.obj)' or at 'C:\Users\duong.le-thanh\Documents\c_cpp_code\solution\demo\x64\Release\SystemC-core.pdb'; linking object as if no debug info
systemc.lib(sc_phase_callback_registry.obj) : warning LNK4099: PDB 'SystemC-core.pdb' was not found with 'systemc.lib(sc_phase_callback_registry.obj)' or at 'C:\Users\duong.le-thanh\Documents\c_cpp_code\solution\demo\x64\Release\SystemC-core.pdb'; linking object as if no debug info
systemc.lib(sc_object_manager.obj) : warning LNK4099: PDB 'SystemC-core.pdb' was not found with 'systemc.lib(sc_object_manager.obj)' or at 'C:\Users\duong.le-thanh\Documents\c_cpp_code\solution\demo\x64\Release\SystemC-core.pdb'; linking object as if no debug info
systemc.lib(sc_object.obj) : warning LNK4099: PDB 'SystemC-core.pdb' was not found with 'systemc.lib(sc_object.obj)' or at 'C:\Users\duong.le-thanh\Documents\c_cpp_code\solution\demo\x64\Release\SystemC-core.pdb'; linking object as if no debug info
systemc.lib(sc_nbutils.obj) : warning LNK4099: PDB 'SystemC-core.pdb' was not found with 'systemc.lib(sc_nbutils.obj)' or at 'C:\Users\duong.le-thanh\Documents\c_cpp_code\solution\demo\x64\Release\SystemC-core.pdb'; linking object as if no debug info
systemc.lib(sc_nbexterns.obj) : warning LNK4099: PDB 'SystemC-core.pdb' was not found with 'systemc.lib(sc_nbexterns.obj)' or at 'C:\Users\duong.le-thanh\Documents\c_cpp_code\solution\demo\x64\Release\SystemC-core.pdb'; linking object as if no debug info
systemc.lib(sc_name_gen.obj) : warning LNK4099: PDB 'SystemC-core.pdb' was not found with 'systemc.lib(sc_name_gen.obj)' or at 'C:\Users\duong.le-thanh\Documents\c_cpp_code\solution\demo\x64\Release\SystemC-core.pdb'; linking object as if no debug info
systemc.lib(sc_module_registry.obj) : warning LNK4099: PDB 'SystemC-core.pdb' was not found with 'systemc.lib(sc_module_registry.obj)' or at 'C:\Users\duong.le-thanh\Documents\c_cpp_code\solution\demo\x64\Release\SystemC-core.pdb'; linking object as if no debug info
systemc.lib(sc_module_name.obj) : warning LNK4099: PDB 'SystemC-core.pdb' was not found with 'systemc.lib(sc_module_name.obj)' or at 'C:\Users\duong.le-thanh\Documents\c_cpp_code\solution\demo\x64\Release\SystemC-core.pdb'; linking object as if no debug info
systemc.lib(sc_module.obj) : warning LNK4099: PDB 'SystemC-core.pdb' was not found with 'systemc.lib(sc_module.obj)' or at 'C:\Users\duong.le-thanh\Documents\c_cpp_code\solution\demo\x64\Release\SystemC-core.pdb'; linking object as if no debug info
systemc.lib(sc_method_process.obj) : warning LNK4099: PDB 'SystemC-core.pdb' was not found with 'systemc.lib(sc_method_process.obj)' or at 'C:\Users\duong.le-thanh\Documents\c_cpp_code\solution\demo\x64\Release\SystemC-core.pdb'; linking object as if no debug info
systemc.lib(sc_mempool.obj) : warning LNK4099: PDB 'SystemC-core.pdb' was not found with 'systemc.lib(sc_mempool.obj)' or at 'C:\Users\duong.le-thanh\Documents\c_cpp_code\solution\demo\x64\Release\SystemC-core.pdb'; linking object as if no debug info
systemc.lib(sc_lv_base.obj) : warning LNK4099: PDB 'SystemC-core.pdb' was not found with 'systemc.lib(sc_lv_base.obj)' or at 'C:\Users\duong.le-thanh\Documents\c_cpp_code\solution\demo\x64\Release\SystemC-core.pdb'; linking object as if no debug info
systemc.lib(sc_logic.obj) : warning LNK4099: PDB 'SystemC-core.pdb' was not found with 'systemc.lib(sc_logic.obj)' or at 'C:\Users\duong.le-thanh\Documents\c_cpp_code\solution\demo\x64\Release\SystemC-core.pdb'; linking object as if no debug info
systemc.lib(sc_list.obj) : warning LNK4099: PDB 'SystemC-core.pdb' was not found with 'systemc.lib(sc_list.obj)' or at 'C:\Users\duong.le-thanh\Documents\c_cpp_code\solution\demo\x64\Release\SystemC-core.pdb'; linking object as if no debug info
systemc.lib(sc_interface.obj) : warning LNK4099: PDB 'SystemC-core.pdb' was not found with 'systemc.lib(sc_interface.obj)' or at 'C:\Users\duong.le-thanh\Documents\c_cpp_code\solution\demo\x64\Release\SystemC-core.pdb'; linking object as if no debug info
systemc.lib(sc_int_mask.obj) : warning LNK4099: PDB 'SystemC-core.pdb' was not found with 'systemc.lib(sc_int_mask.obj)' or at 'C:\Users\duong.le-thanh\Documents\c_cpp_code\solution\demo\x64\Release\SystemC-core.pdb'; linking object as if no debug info
systemc.lib(sc_int_base.obj) : warning LNK4099: PDB 'SystemC-core.pdb' was not found with 'systemc.lib(sc_int_base.obj)' or at 'C:\Users\duong.le-thanh\Documents\c_cpp_code\solution\demo\x64\Release\SystemC-core.pdb'; linking object as if no debug info
systemc.lib(sc_hash.obj) : warning LNK4099: PDB 'SystemC-core.pdb' was not found with 'systemc.lib(sc_hash.obj)' or at 'C:\Users\duong.le-thanh\Documents\c_cpp_code\solution\demo\x64\Release\SystemC-core.pdb'; linking object as if no debug info
systemc.lib(sc_fxval.obj) : warning LNK4099: PDB 'SystemC-core.pdb' was not found with 'systemc.lib(sc_fxval.obj)' or at 'C:\Users\duong.le-thanh\Documents\c_cpp_code\solution\demo\x64\Release\SystemC-core.pdb'; linking object as if no debug info
systemc.lib(sc_fxtype_params.obj) : warning LNK4099: PDB 'SystemC-core.pdb' was not found with 'systemc.lib(sc_fxtype_params.obj)' or at 'C:\Users\duong.le-thanh\Documents\c_cpp_code\solution\demo\x64\Release\SystemC-core.pdb'; linking object as if no debug info
systemc.lib(sc_fxnum.obj) : warning LNK4099: PDB 'SystemC-core.pdb' was not found with 'systemc.lib(sc_fxnum.obj)' or at 'C:\Users\duong.le-thanh\Documents\c_cpp_code\solution\demo\x64\Release\SystemC-core.pdb'; linking object as if no debug info
systemc.lib(sc_fxdefs.obj) : warning LNK4099: PDB 'SystemC-core.pdb' was not found with 'systemc.lib(sc_fxdefs.obj)' or at 'C:\Users\duong.le-thanh\Documents\c_cpp_code\solution\demo\x64\Release\SystemC-core.pdb'; linking object as if no debug info
systemc.lib(sc_fxcast_switch.obj) : warning LNK4099: PDB 'SystemC-core.pdb' was not found with 'systemc.lib(sc_fxcast_switch.obj)' or at 'C:\Users\duong.le-thanh\Documents\c_cpp_code\solution\demo\x64\Release\SystemC-core.pdb'; linking object as if no debug info
systemc.lib(sc_export.obj) : warning LNK4099: PDB 'SystemC-core.pdb' was not found with 'systemc.lib(sc_export.obj)' or at 'C:\Users\duong.le-thanh\Documents\c_cpp_code\solution\demo\x64\Release\SystemC-core.pdb'; linking object as if no debug info
systemc.lib(sc_except.obj) : warning LNK4099: PDB 'SystemC-core.pdb' was not found with 'systemc.lib(sc_except.obj)' or at 'C:\Users\duong.le-thanh\Documents\c_cpp_code\solution\demo\x64\Release\SystemC-core.pdb'; linking object as if no debug info
systemc.lib(sc_event_finder.obj) : warning LNK4099: PDB 'SystemC-core.pdb' was not found with 'systemc.lib(sc_event_finder.obj)' or at 'C:\Users\duong.le-thanh\Documents\c_cpp_code\solution\demo\x64\Release\SystemC-core.pdb'; linking object as if no debug info
systemc.lib(sc_event.obj) : warning LNK4099: PDB 'SystemC-core.pdb' was not found with 'systemc.lib(sc_event.obj)' or at 'C:\Users\duong.le-thanh\Documents\c_cpp_code\solution\demo\x64\Release\SystemC-core.pdb'; linking object as if no debug info
systemc.lib(sc_cthread_process.obj) : warning LNK4099: PDB 'SystemC-core.pdb' was not found with 'systemc.lib(sc_cthread_process.obj)' or at 'C:\Users\duong.le-thanh\Documents\c_cpp_code\solution\demo\x64\Release\SystemC-core.pdb'; linking object as if no debug info
systemc.lib(sc_cor_fiber.obj) : warning LNK4099: PDB 'SystemC-core.pdb' was not found with 'systemc.lib(sc_cor_fiber.obj)' or at 'C:\Users\duong.le-thanh\Documents\c_cpp_code\solution\demo\x64\Release\SystemC-core.pdb'; linking object as if no debug info
systemc.lib(sc_clock.obj) : warning LNK4099: PDB 'SystemC-core.pdb' was not found with 'systemc.lib(sc_clock.obj)' or at 'C:\Users\duong.le-thanh\Documents\c_cpp_code\solution\demo\x64\Release\SystemC-core.pdb'; linking object as if no debug info
systemc.lib(sc_bv_base.obj) : warning LNK4099: PDB 'SystemC-core.pdb' was not found with 'systemc.lib(sc_bv_base.obj)' or at 'C:\Users\duong.le-thanh\Documents\c_cpp_code\solution\demo\x64\Release\SystemC-core.pdb'; linking object as if no debug info
systemc.lib(sc_attribute.obj) : warning LNK4099: PDB 'SystemC-core.pdb' was not found with 'systemc.lib(sc_attribute.obj)' or at 'C:\Users\duong.le-thanh\Documents\c_cpp_code\solution\demo\x64\Release\SystemC-core.pdb'; linking object as if no debug info
  demo.vcxproj -> C:\Users\duong.le-thanh\Documents\c_cpp_code\solution\demo\x64\Release\demo.exe
  demo.vcxproj -> C:\Users\duong.le-thanh\Documents\c_cpp_code\solution\demo\x64\Release\demo.pdb (Full PDB)
