  APISS.cpp
C:\Users\duong.le-thanh\Documents\c_cpp_code\solution\bus_demo\common\OSCI2.h(889): warning C4267: 'initializing': conversion from 'size_t' to 'unsigned int', possible loss of data
C:\Users\duong.le-thanh\Documents\c_cpp_code\solution\bus_demo\common\OSCI2.h(904): warning C4244: 'initializing': conversion from 'sc_dt::uint64' to 'ADDRESS_TYPE', possible loss of data
C:\Users\duong.le-thanh\Documents\c_cpp_code\solution\bus_demo\common\OSCI2.h(992): warning C4267: 'initializing': conversion from 'size_t' to 'unsigned int', possible loss of data
c:\users\duong.le-thanh\documents\c_cpp_code\solution\bus_demo\common_bus\BusMonitorBase.h(63): error C2079: 'msg' uses undefined class 'std::basic_ostringstream<char,std::char_traits<char>,std::allocator<char>>'
c:\users\duong.le-thanh\documents\c_cpp_code\solution\bus_demo\common_bus\BusMonitorBase.h(68): error C2297: '<<': illegal, right operand has type 'const char [39]'
c:\users\duong.le-thanh\documents\c_cpp_code\solution\bus_demo\common_bus\BusMonitorBase.h(68): error C2563: mismatch in formal parameter list
c:\users\duong.le-thanh\documents\c_cpp_code\solution\bus_demo\common_bus\BusMonitorBase.h(68): error C2568: '<<': unable to resolve function overload
  c:\users\duong.le-thanh\documents\c_cpp_code\solution\bus_demo\common_bus\BusMonitorBase.h(68): note: could be 'std::basic_ostream<_Elem,_Traits> &std::endl(std::basic_ostream<_Elem,_Traits> &)'
c:\users\duong.le-thanh\documents\c_cpp_code\solution\bus_demo\common_bus\BusMonitorBase.h(71): error C2228: left of '.str' must have class/struct/union
  c:\users\duong.le-thanh\documents\c_cpp_code\solution\bus_demo\common_bus\BusMonitorBase.h(71): note: type is 'int'
c:\users\duong.le-thanh\documents\c_cpp_code\solution\bus_demo\common_bus\BusMonitorBase.h(71): error C2228: left of '.c_str' must have class/struct/union
c:\users\duong.le-thanh\documents\c_cpp_code\solution\bus_demo\common_bus\BusMonitorBase.h(71): error C2660: 'CmErrMsg::printWarningMessage': function does not take 2 arguments
c:\users\duong.le-thanh\documents\c_cpp_code\solution\bus_demo\common_bus\BusMonitorBase.h(75): error C2297: '<<': illegal, right operand has type 'const char [59]'
c:\users\duong.le-thanh\documents\c_cpp_code\solution\bus_demo\common_bus\BusMonitorBase.h(75): error C2297: '<<': illegal, right operand has type 'const char [16]'
c:\users\duong.le-thanh\documents\c_cpp_code\solution\bus_demo\common_bus\BusMonitorBase.h(75): error C2563: mismatch in formal parameter list
c:\users\duong.le-thanh\documents\c_cpp_code\solution\bus_demo\common_bus\BusMonitorBase.h(75): error C2568: '<<': unable to resolve function overload
  c:\users\duong.le-thanh\documents\c_cpp_code\solution\bus_demo\common_bus\BusMonitorBase.h(75): note: could be 'std::basic_ostream<_Elem,_Traits> &std::endl(std::basic_ostream<_Elem,_Traits> &)'
c:\users\duong.le-thanh\documents\c_cpp_code\solution\bus_demo\common_bus\BusMonitorBase.h(78): error C2228: left of '.str' must have class/struct/union
  c:\users\duong.le-thanh\documents\c_cpp_code\solution\bus_demo\common_bus\BusMonitorBase.h(78): note: type is 'int'
c:\users\duong.le-thanh\documents\c_cpp_code\solution\bus_demo\common_bus\BusMonitorBase.h(78): error C2228: left of '.c_str' must have class/struct/union
c:\users\duong.le-thanh\documents\c_cpp_code\solution\bus_demo\common_bus\BusMonitorBase.h(78): error C2660: 'CmErrMsg::printWarningMessage': function does not take 2 arguments
c:\users\duong.le-thanh\documents\c_cpp_code\solution\bus_demo\common_bus\BusMonitorBase.h(158): warning C4018: '<': signed/unsigned mismatch
  MASTER.cpp
c:\users\duong.le-thanh\documents\c_cpp_code\solution\bus_demo\common\OSCI2.h(889): warning C4267: 'initializing': conversion from 'size_t' to 'unsigned int', possible loss of data
c:\users\duong.le-thanh\documents\c_cpp_code\solution\bus_demo\common\OSCI2.h(904): warning C4244: 'initializing': conversion from 'sc_dt::uint64' to 'ADDRESS_TYPE', possible loss of data
c:\users\duong.le-thanh\documents\c_cpp_code\solution\bus_demo\common\OSCI2.h(992): warning C4267: 'initializing': conversion from 'size_t' to 'unsigned int', possible loss of data
..\..\MASTER.cpp(8): error C2512: 'TlmInitiatorSocket<64>': no appropriate default constructor available
  C:\Users\duong.le-thanh\Documents\c_cpp_code\solution\bus_demo\common\BusMasterBase.h(222): note: see declaration of 'TlmInitiatorSocket<64>'
..\..\MASTER.cpp(13): error C2679: binary '=': no operator found which takes a right-hand operand of type 'TlmInitiatorSocket<64> *' (or there is no acceptable conversion)
  c:\users\duong.le-thanh\documents\c_cpp_code\solution\bus_demo\common\OSCI2.h(282): note: could be 'TlmInitiatorSocket<64> &TlmInitiatorSocket<64>::operator =(const TlmInitiatorSocket<64> &)'
  ..\..\MASTER.cpp(13): note: while trying to match the argument list '(TlmInitiatorSocket<64>, TlmInitiatorSocket<64> *)'
..\..\MASTER.cpp(22): warning C4407: cast between different pointer to member representations, compiler may generate incorrect code
  SLAVE.cpp
c:\users\duong.le-thanh\documents\c_cpp_code\solution\bus_demo\common\OSCI2.h(889): warning C4267: 'initializing': conversion from 'size_t' to 'unsigned int', possible loss of data
c:\users\duong.le-thanh\documents\c_cpp_code\solution\bus_demo\common\OSCI2.h(904): warning C4244: 'initializing': conversion from 'sc_dt::uint64' to 'ADDRESS_TYPE', possible loss of data
c:\users\duong.le-thanh\documents\c_cpp_code\solution\bus_demo\common\OSCI2.h(992): warning C4267: 'initializing': conversion from 'size_t' to 'unsigned int', possible loss of data
..\..\SLAVE.cpp(12): error C2512: 'TlmTargetSocket<64>': no appropriate default constructor available
  C:\Users\duong.le-thanh\Documents\c_cpp_code\solution\bus_demo\common\BusSlaveBase.h(234): note: see declaration of 'TlmTargetSocket<64>'
..\..\SLAVE.cpp(17): error C2679: binary '=': no operator found which takes a right-hand operand of type 'TlmTargetSocket<64> *' (or there is no acceptable conversion)
  c:\users\duong.le-thanh\documents\c_cpp_code\solution\bus_demo\common\OSCI2.h(169): note: could be 'TlmTargetSocket<64> &TlmTargetSocket<64>::operator =(const TlmTargetSocket<64> &)'
  ..\..\SLAVE.cpp(17): note: while trying to match the argument list '(TlmTargetSocket<64>, TlmTargetSocket<64> *)'
